<?xml version="1.0" encoding="UTF-8"?>
<!-- Generated by org.testng.reporters.JUnitReportReporter -->
<testsuite hostname="kesar" failures="0" tests="3" name="com.test.CrossAmazonEx" time="225.393" errors="0" timestamp="2023-01-05T11:59:26 IST" skipped="0">
  <testcase classname="com.test.CrossAmazonEx" name="tc1" time="167.031"/>
  <system-out/>
  <testcase classname="com.test.CrossAmazonEx" name="tc1" time="54.594"/>
  <system-out/>
  <testcase classname="com.test.CrossAmazonEx" name="tc1" time="3.768"/>
  <system-out/>
</testsuite> <!-- com.test.CrossAmazonEx -->
