<?xml version="1.0" encoding="UTF-8"?>
<!-- Generated by org.testng.reporters.JUnitReportReporter -->
<testsuite hostname="kesar" failures="0" tests="6" name="com.test.DataProviderEx" time="59.622" errors="0" timestamp="2023-01-04T11:09:34 IST" skipped="0">
  <testcase classname="com.test.DataProviderEx" name="tc1" time="8.266"/>
  <system-out/>
  <testcase classname="com.test.DataProviderEx" name="tc1" time="11.658"/>
  <system-out/>
  <testcase classname="com.test.DataProviderEx" name="tc1" time="10.057"/>
  <system-out/>
  <testcase classname="com.test.DataProviderEx" name="tc1" time="7.327"/>
  <system-out/>
  <testcase classname="com.test.DataProviderEx" name="tc1" time="11.042"/>
  <system-out/>
  <testcase classname="com.test.DataProviderEx" name="tc1" time="11.272"/>
  <system-out/>
</testsuite> <!-- com.test.DataProviderEx -->
