<?xml version="1.0" encoding="UTF-8"?>
<!-- Generated by org.testng.reporters.JUnitReportReporter -->
<testsuite hostname="kesar" failures="0" tests="7" name="com.test.PriorityTestNg" time="82.149" errors="0" timestamp="2022-12-23T12:06:04 IST" skipped="0">
  <testcase classname="com.test.PriorityTestNg" name="tc3" time="2.158"/>
  <system-out/>
  <testcase classname="com.test.PriorityTestNg" name="tc2" time="3.479"/>
  <system-out/>
  <testcase classname="com.test.PriorityTestNg" name="tc6" time="4.944"/>
  <system-out/>
  <testcase classname="com.test.PriorityTestNg" name="tc5" time="55.661"/>
  <system-out/>
  <testcase classname="com.test.PriorityTestNg" name="tc1" time="6.046"/>
  <system-out/>
  <testcase classname="com.test.PriorityTestNg" name="tc7" time="1.457"/>
  <system-out/>
  <testcase classname="com.test.PriorityTestNg" name="tc4" time="8.404"/>
  <system-out/>
</testsuite> <!-- com.test.PriorityTestNg -->
