<?xml version="1.0" encoding="UTF-8"?>
<!-- Generated by org.testng.reporters.JUnitReportReporter -->
<testsuite hostname="kesar" failures="0" tests="1" name="org.inmakes.test.Contacts" time="230.641" errors="0" timestamp="2023-02-14T11:53:49 IST" skipped="0">
  <testcase classname="org.inmakes.test.Contacts" name="tc1" time="230.641"/>
  <system-out/>
</testsuite> <!-- org.inmakes.test.Contacts -->
