<?xml version="1.0" encoding="UTF-8"?>
<!-- Generated by org.testng.reporters.JUnitReportReporter -->
<testsuite hostname="kesar" failures="0" tests="3" name="org.inmakes.test.CalculatorReport" time="0.620" errors="0" timestamp="2023-02-15T14:06:03 IST" skipped="0">
  <testcase classname="org.inmakes.test.CalculatorReport" name="tc2" time="0.019"/>
  <system-out/>
  <testcase classname="org.inmakes.test.CalculatorReport" name="tc3" time="0.005"/>
  <system-out/>
  <testcase classname="org.inmakes.test.CalculatorReport" name="tc4" time="0.596"/>
  <system-out/>
</testsuite> <!-- org.inmakes.test.CalculatorReport -->
