<?xml version="1.0" encoding="UTF-8"?>
<!-- Generated by org.testng.reporters.JUnitReportReporter -->
<testsuite hostname="kesar" failures="0" tests="4" name="org.inmakes.test.CalculatorTestng" time="8.560" errors="0" timestamp="2023-02-07T11:51:34 IST" skipped="0">
  <testcase classname="org.inmakes.test.CalculatorTestng" name="tc4" time="1.287"/>
  <system-out/>
  <testcase classname="org.inmakes.test.CalculatorTestng" name="tc2" time="1.380"/>
  <system-out/>
  <testcase classname="org.inmakes.test.CalculatorTestng" name="tc1" time="2.974"/>
  <system-out/>
  <testcase classname="org.inmakes.test.CalculatorTestng" name="tc3" time="2.919"/>
  <system-out/>
</testsuite> <!-- org.inmakes.test.CalculatorTestng -->
