<?xml version="1.0" encoding="UTF-8"?>
<!-- Generated by org.testng.reporters.JUnitReportReporter -->
<testsuite hostname="kesar" failures="0" tests="1" name="org.dev.SampleTestngApi" time="5.637" errors="0" timestamp="20 Feb 2023 11:02:42 GMT" skipped="0">
  <testcase classname="org.dev.SampleTestngApi" name="getRequest" time="5.637"/>
</testsuite> <!-- org.dev.SampleTestngApi -->
